{
  "3": [
    -0.0044735810103240774,
    -0.0001824312536790085,
    0.19832549320270615,
    0.5009117914058876
  ],
  "5": [
    0.00020842153706909818,
    1.3733425861223637e-05,
    -0.010261479363388334,
    -0.00022866154058932752,
    0.22933184136202475,
    0.5004079157083006
  ],
  "7": [
    -1.009900108281692e-05,
    -9.066831661465791e-07,
    0.0006159394273810305,
    2.61055006991078e-05,
    -0.01488988953657036,
    -0.00017765962529970306,
    0.2421850767943,
    0.5001641923161992
  ],
  "9": [
    4.935082016956846e-07,
    5.586908689306973e-08,
    -3.618439851352983e-05,
    -2.2935903378037584e-06,
    0.0010718295627536228,
    2.8583810922328745e-05,
    -0.017809166113211875,
    -0.00010960752393117582,
    0.2471571563585029,
    0.5000620898786128
  ]
}